[ 2016-09-01T01:06:07+08:00 ] 127.0.0.1 /favicon.ico
INFO: [ app_init ] --START--
INFO: Run Behavior\BuildLiteBehavior [ RunTime:0.000000s ]
INFO: [ app_init ] --END-- [ RunTime:0.001000s ]
ERR: 无法加载模块:Favicon

[ 2016-09-01T19:51:24+08:00 ] 127.0.0.1 /beacon.js
INFO: [ app_init ] --START--
INFO: Run Behavior\BuildLiteBehavior [ RunTime:0.000000s ]
INFO: [ app_init ] --END-- [ RunTime:0.062003s ]
ERR: 无法加载模块:Beacon

[ 2016-09-01T20:31:55+08:00 ] 127.0.0.1 http://short.weixin.qq.com/cgi-bin/micromsg-bin/newsync
INFO: [ app_init ] --START--
INFO: Run Behavior\BuildLiteBehavior [ RunTime:0.000000s ]
INFO: [ app_init ] --END-- [ RunTime:0.016600s ]
ERR: 无法加载模块:Cgi-bin

[ 2016-09-01T20:33:37+08:00 ] 127.0.0.1 http://short.weixin.qq.com/cgi-bin/micromsg-bin/heartbeat
INFO: [ app_init ] --START--
INFO: Run Behavior\BuildLiteBehavior [ RunTime:0.000000s ]
INFO: [ app_init ] --END-- [ RunTime:0.000000s ]
ERR: 无法加载模块:Cgi-bin

[ 2016-09-01T20:34:04+08:00 ] 127.0.0.1 http://short.weixin.qq.com/cgi-bin/micromsg-bin/newsync
INFO: [ app_init ] --START--
INFO: Run Behavior\BuildLiteBehavior [ RunTime:0.000000s ]
INFO: [ app_init ] --END-- [ RunTime:0.000000s ]
ERR: 无法加载模块:Cgi-bin

[ 2016-09-01T20:34:09+08:00 ] 127.0.0.1 http://short.weixin.qq.com/cgi-bin/micromsg-bin/newsync
INFO: [ app_init ] --START--
INFO: Run Behavior\BuildLiteBehavior [ RunTime:0.000000s ]
INFO: [ app_init ] --END-- [ RunTime:0.000000s ]
ERR: 无法加载模块:Cgi-bin

[ 2016-09-01T20:35:24+08:00 ] 127.0.0.1 http://short.weixin.qq.com/cgi-bin/micromsg-bin/newsync
INFO: [ app_init ] --START--
INFO: Run Behavior\BuildLiteBehavior [ RunTime:0.000000s ]
INFO: [ app_init ] --END-- [ RunTime:0.000000s ]
ERR: 无法加载模块:Cgi-bin

[ 2016-09-01T20:35:24+08:00 ] 127.0.0.1 /cgi-bin/micromsg-bin/newsync
INFO: [ app_init ] --START--
INFO: Run Behavior\BuildLiteBehavior [ RunTime:0.000000s ]
INFO: [ app_init ] --END-- [ RunTime:0.000000s ]
ERR: 无法加载模块:Cgi-bin

[ 2016-09-01T20:36:39+08:00 ] 127.0.0.1 http://short.weixin.qq.com/cgi-bin/micromsg-bin/newsync
INFO: [ app_init ] --START--
INFO: Run Behavior\BuildLiteBehavior [ RunTime:0.000000s ]
INFO: [ app_init ] --END-- [ RunTime:0.000000s ]
ERR: 无法加载模块:Cgi-bin

[ 2016-09-01T22:04:38+08:00 ] 127.0.0.1 http://short.weixin.qq.com/cgi-bin/micromsg-bin/heartbeat
INFO: [ app_init ] --START--
INFO: Run Behavior\BuildLiteBehavior [ RunTime:0.000000s ]
INFO: [ app_init ] --END-- [ RunTime:0.001000s ]
ERR: 无法加载模块:Cgi-bin

[ 2016-09-01T22:13:57+08:00 ] 127.0.0.1 /cgi-bin/micromsg-bin/newsync
INFO: [ app_init ] --START--
INFO: Run Behavior\BuildLiteBehavior [ RunTime:0.000000s ]
INFO: [ app_init ] --END-- [ RunTime:0.001000s ]
ERR: 无法加载模块:Cgi-bin

[ 2016-09-01T22:13:57+08:00 ] 127.0.0.1 /cgi-bin/micromsg-bin/statusnotify
INFO: [ app_init ] --START--
INFO: Run Behavior\BuildLiteBehavior [ RunTime:0.000000s ]
INFO: [ app_init ] --END-- [ RunTime:0.001000s ]
ERR: 无法加载模块:Cgi-bin

[ 2016-09-01T22:15:11+08:00 ] 127.0.0.1 http://short.weixin.qq.com/cgi-bin/micromsg-bin/heartbeat
INFO: [ app_init ] --START--
INFO: Run Behavior\BuildLiteBehavior [ RunTime:0.000000s ]
INFO: [ app_init ] --END-- [ RunTime:0.001000s ]
ERR: 无法加载模块:Cgi-bin

[ 2016-09-01T22:19:11+08:00 ] 127.0.0.1 http://short.weixin.qq.com/cgi-bin/micromsg-bin/heartbeat
INFO: [ app_init ] --START--
INFO: Run Behavior\BuildLiteBehavior [ RunTime:0.000000s ]
INFO: [ app_init ] --END-- [ RunTime:0.001000s ]
ERR: 无法加载模块:Cgi-bin

[ 2016-09-01T22:19:11+08:00 ] 127.0.0.1 /cgi-bin/micromsg-bin/heartbeat
INFO: [ app_init ] --START--
INFO: Run Behavior\BuildLiteBehavior [ RunTime:0.000000s ]
INFO: [ app_init ] --END-- [ RunTime:0.000000s ]
ERR: 无法加载模块:Cgi-bin

[ 2016-09-01T22:22:26+08:00 ] 127.0.0.1 http://short.weixin.qq.com/cgi-bin/micromsg-bin/heartbeat
INFO: [ app_init ] --START--
INFO: Run Behavior\BuildLiteBehavior [ RunTime:0.000000s ]
INFO: [ app_init ] --END-- [ RunTime:0.001000s ]
ERR: 无法加载模块:Cgi-bin

[ 2016-09-01T22:22:26+08:00 ] 127.0.0.1 /cgi-bin/micromsg-bin/heartbeat
INFO: [ app_init ] --START--
INFO: Run Behavior\BuildLiteBehavior [ RunTime:0.000000s ]
INFO: [ app_init ] --END-- [ RunTime:0.000000s ]
ERR: 无法加载模块:Cgi-bin

[ 2016-09-01T22:25:51+08:00 ] 127.0.0.1 http://short.weixin.qq.com/cgi-bin/micromsg-bin/heartbeat
INFO: [ app_init ] --START--
INFO: Run Behavior\BuildLiteBehavior [ RunTime:0.000000s ]
INFO: [ app_init ] --END-- [ RunTime:0.001000s ]
ERR: 无法加载模块:Cgi-bin

