[ 2016-08-30T09:01:11+08:00 ] 127.0.0.1 /api/index/testrequest
INFO: [ app_init ] --START--
INFO: Run Behavior\BuildLiteBehavior [ RunTime:0.000000s ]
INFO: [ app_init ] --END-- [ RunTime:0.000000s ]
INFO: [ app_begin ] --START--
INFO: Run Behavior\ReadHtmlCacheBehavior [ RunTime:0.000000s ]
INFO: [ app_begin ] --END-- [ RunTime:0.000000s ]

[ 2016-08-30T09:02:12+08:00 ] 127.0.0.1 /api/index/testrequest
INFO: [ app_init ] --START--
INFO: Run Behavior\BuildLiteBehavior [ RunTime:0.000000s ]
INFO: [ app_init ] --END-- [ RunTime:0.000000s ]
INFO: [ app_begin ] --START--
INFO: Run Behavior\ReadHtmlCacheBehavior [ RunTime:0.000000s ]
INFO: [ app_begin ] --END-- [ RunTime:0.000000s ]

[ 2016-08-30T09:02:13+08:00 ] 127.0.0.1 /api/index/testrequest
INFO: [ app_init ] --START--
INFO: Run Behavior\BuildLiteBehavior [ RunTime:0.000000s ]
INFO: [ app_init ] --END-- [ RunTime:0.000000s ]
INFO: [ app_begin ] --START--
INFO: Run Behavior\ReadHtmlCacheBehavior [ RunTime:0.000000s ]
INFO: [ app_begin ] --END-- [ RunTime:0.000000s ]

[ 2016-08-30T09:02:14+08:00 ] 127.0.0.1 /api/index/testrequest
INFO: [ app_init ] --START--
INFO: Run Behavior\BuildLiteBehavior [ RunTime:0.000000s ]
INFO: [ app_init ] --END-- [ RunTime:0.000000s ]
INFO: [ app_begin ] --START--
INFO: Run Behavior\ReadHtmlCacheBehavior [ RunTime:0.000000s ]
INFO: [ app_begin ] --END-- [ RunTime:0.000000s ]

[ 2016-08-30T18:41:19+08:00 ] 127.0.0.1 /api/index/
INFO: [ app_init ] --START--
INFO: Run Behavior\BuildLiteBehavior [ RunTime:0.000000s ]
INFO: [ app_init ] --END-- [ RunTime:0.040003s ]
INFO: [ app_begin ] --START--
INFO: Run Behavior\ReadHtmlCacheBehavior [ RunTime:0.017001s ]
INFO: [ app_begin ] --END-- [ RunTime:0.017001s ]

[ 2016-08-30T18:42:49+08:00 ] 127.0.0.1 /api/index/weather
INFO: [ app_init ] --START--
INFO: Run Behavior\BuildLiteBehavior [ RunTime:0.000000s ]
INFO: [ app_init ] --END-- [ RunTime:0.000000s ]
INFO: [ app_begin ] --START--
INFO: Run Behavior\ReadHtmlCacheBehavior [ RunTime:0.000000s ]
INFO: [ app_begin ] --END-- [ RunTime:0.000000s ]

[ 2016-08-30T18:43:12+08:00 ] 127.0.0.1 /api/index/weather
INFO: [ app_init ] --START--
INFO: Run Behavior\BuildLiteBehavior [ RunTime:0.000000s ]
INFO: [ app_init ] --END-- [ RunTime:0.000000s ]
INFO: [ app_begin ] --START--
INFO: Run Behavior\ReadHtmlCacheBehavior [ RunTime:0.001000s ]
INFO: [ app_begin ] --END-- [ RunTime:0.001000s ]

[ 2016-08-30T18:44:27+08:00 ] 127.0.0.1 /api/index/testRequest
INFO: [ app_init ] --START--
INFO: Run Behavior\BuildLiteBehavior [ RunTime:0.000000s ]
INFO: [ app_init ] --END-- [ RunTime:0.000000s ]
INFO: [ app_begin ] --START--
INFO: Run Behavior\ReadHtmlCacheBehavior [ RunTime:0.001000s ]
INFO: [ app_begin ] --END-- [ RunTime:0.001000s ]

[ 2016-08-30T18:45:21+08:00 ] 127.0.0.1 /api/index/index
INFO: [ app_init ] --START--
INFO: Run Behavior\BuildLiteBehavior [ RunTime:0.000000s ]
INFO: [ app_init ] --END-- [ RunTime:0.001000s ]
INFO: [ app_begin ] --START--
INFO: Run Behavior\ReadHtmlCacheBehavior [ RunTime:0.000000s ]
INFO: [ app_begin ] --END-- [ RunTime:0.000000s ]
INFO: [ app_end ] --START--
INFO: Run Behavior\ShowPageTraceBehavior [ RunTime:0.025001s ]
INFO: [ app_end ] --END-- [ RunTime:0.025001s ]

[ 2016-08-30T18:45:40+08:00 ] 127.0.0.1 /api/index/readxml
INFO: [ app_init ] --START--
INFO: Run Behavior\BuildLiteBehavior [ RunTime:0.000000s ]
INFO: [ app_init ] --END-- [ RunTime:0.000000s ]
INFO: [ app_begin ] --START--
INFO: Run Behavior\ReadHtmlCacheBehavior [ RunTime:0.001000s ]
INFO: [ app_begin ] --END-- [ RunTime:0.001000s ]
INFO: [ app_end ] --START--
INFO: Run Behavior\ShowPageTraceBehavior [ RunTime:0.001000s ]
INFO: [ app_end ] --END-- [ RunTime:0.002000s ]

[ 2016-08-30T18:46:21+08:00 ] 127.0.0.1 /api/index/test
INFO: [ app_init ] --START--
INFO: Run Behavior\BuildLiteBehavior [ RunTime:0.000000s ]
INFO: [ app_init ] --END-- [ RunTime:0.001000s ]
INFO: [ app_begin ] --START--
INFO: Run Behavior\ReadHtmlCacheBehavior [ RunTime:0.001000s ]
INFO: [ app_begin ] --END-- [ RunTime:0.002000s ]
ERR: 非法操作:test

[ 2016-08-30T18:46:46+08:00 ] 127.0.0.1 /api/index/testrequest
INFO: [ app_init ] --START--
INFO: Run Behavior\BuildLiteBehavior [ RunTime:0.000000s ]
INFO: [ app_init ] --END-- [ RunTime:0.000000s ]
INFO: [ app_begin ] --START--
INFO: Run Behavior\ReadHtmlCacheBehavior [ RunTime:0.000000s ]
INFO: [ app_begin ] --END-- [ RunTime:0.001000s ]

[ 2016-08-30T18:56:06+08:00 ] 127.0.0.1 /api/index/testRequest
INFO: [ app_init ] --START--
INFO: Run Behavior\BuildLiteBehavior [ RunTime:0.000000s ]
INFO: [ app_init ] --END-- [ RunTime:0.001000s ]
INFO: [ app_begin ] --START--
INFO: Run Behavior\ReadHtmlCacheBehavior [ RunTime:0.000000s ]
INFO: [ app_begin ] --END-- [ RunTime:0.000000s ]

[ 2016-08-30T19:42:56+08:00 ] 127.0.0.1 /api/index/testRequest
INFO: [ app_init ] --START--
INFO: Run Behavior\BuildLiteBehavior [ RunTime:0.000000s ]
INFO: [ app_init ] --END-- [ RunTime:0.000000s ]
INFO: [ app_begin ] --START--
INFO: Run Behavior\ReadHtmlCacheBehavior [ RunTime:0.001000s ]
INFO: [ app_begin ] --END-- [ RunTime:0.001000s ]
INFO: [ app_end ] --START--
INFO: Run Behavior\ShowPageTraceBehavior [ RunTime:0.018001s ]
INFO: [ app_end ] --END-- [ RunTime:0.018001s ]

[ 2016-08-30T19:44:28+08:00 ] 127.0.0.1 /api/index/testRequest
INFO: [ app_init ] --START--
INFO: Run Behavior\BuildLiteBehavior [ RunTime:0.000000s ]
INFO: [ app_init ] --END-- [ RunTime:0.000000s ]
INFO: [ app_begin ] --START--
INFO: Run Behavior\ReadHtmlCacheBehavior [ RunTime:0.001000s ]
INFO: [ app_begin ] --END-- [ RunTime:0.001000s ]
INFO: [ app_end ] --START--
INFO: Run Behavior\ShowPageTraceBehavior [ RunTime:0.001000s ]
INFO: [ app_end ] --END-- [ RunTime:0.001000s ]

[ 2016-08-30T19:45:01+08:00 ] 127.0.0.1 /api/index/testRequest
INFO: [ app_init ] --START--
INFO: Run Behavior\BuildLiteBehavior [ RunTime:0.000000s ]
INFO: [ app_init ] --END-- [ RunTime:0.001000s ]
INFO: [ app_begin ] --START--
INFO: Run Behavior\ReadHtmlCacheBehavior [ RunTime:0.000000s ]
INFO: [ app_begin ] --END-- [ RunTime:0.000000s ]
INFO: [ app_end ] --START--
INFO: Run Behavior\ShowPageTraceBehavior [ RunTime:0.001000s ]
INFO: [ app_end ] --END-- [ RunTime:0.002000s ]

[ 2016-08-30T19:48:46+08:00 ] 127.0.0.1 /api/index/weather
INFO: [ app_init ] --START--
INFO: Run Behavior\BuildLiteBehavior [ RunTime:0.001001s ]
INFO: [ app_init ] --END-- [ RunTime:0.001001s ]
INFO: [ app_begin ] --START--
INFO: Run Behavior\ReadHtmlCacheBehavior [ RunTime:0.000000s ]
INFO: [ app_begin ] --END-- [ RunTime:0.000000s ]
NOTIC: [8] Undefined variable: content D:\phpStudy\WWW\php49\Application\Api\Controller\IndexController.class.php 第 79 行.
NOTIC: [8] Undefined variable: contentObj D:\phpStudy\WWW\php49\Application\Api\Controller\IndexController.class.php 第 81 行.
NOTIC: [8] Trying to get property of non-object D:\phpStudy\WWW\php49\Application\Api\Controller\IndexController.class.php 第 81 行.
NOTIC: [8] Undefined variable: contentObj D:\phpStudy\WWW\php49\Application\Api\Controller\IndexController.class.php 第 82 行.
NOTIC: [8] Trying to get property of non-object D:\phpStudy\WWW\php49\Application\Api\Controller\IndexController.class.php 第 82 行.
NOTIC: [8] Trying to get property of non-object D:\phpStudy\WWW\php49\Application\Api\Controller\IndexController.class.php 第 82 行.
NOTIC: [8] Trying to get property of non-object D:\phpStudy\WWW\php49\Application\Api\Controller\IndexController.class.php 第 82 行.
NOTIC: [8] Undefined variable: contentObj D:\phpStudy\WWW\php49\Application\Api\Controller\IndexController.class.php 第 83 行.
NOTIC: [8] Trying to get property of non-object D:\phpStudy\WWW\php49\Application\Api\Controller\IndexController.class.php 第 83 行.
NOTIC: [8] Trying to get property of non-object D:\phpStudy\WWW\php49\Application\Api\Controller\IndexController.class.php 第 83 行.
NOTIC: [8] Trying to get property of non-object D:\phpStudy\WWW\php49\Application\Api\Controller\IndexController.class.php 第 83 行.
NOTIC: [8] Undefined variable: contentObj D:\phpStudy\WWW\php49\Application\Api\Controller\IndexController.class.php 第 84 行.
NOTIC: [8] Trying to get property of non-object D:\phpStudy\WWW\php49\Application\Api\Controller\IndexController.class.php 第 84 行.
NOTIC: [8] Trying to get property of non-object D:\phpStudy\WWW\php49\Application\Api\Controller\IndexController.class.php 第 84 行.
NOTIC: [8] Trying to get property of non-object D:\phpStudy\WWW\php49\Application\Api\Controller\IndexController.class.php 第 84 行.
NOTIC: [8] Undefined variable: contentObj D:\phpStudy\WWW\php49\Application\Api\Controller\IndexController.class.php 第 85 行.
NOTIC: [8] Trying to get property of non-object D:\phpStudy\WWW\php49\Application\Api\Controller\IndexController.class.php 第 85 行.
NOTIC: [8] Trying to get property of non-object D:\phpStudy\WWW\php49\Application\Api\Controller\IndexController.class.php 第 85 行.
NOTIC: [8] Trying to get property of non-object D:\phpStudy\WWW\php49\Application\Api\Controller\IndexController.class.php 第 85 行.
NOTIC: [8] Undefined variable: contentObj D:\phpStudy\WWW\php49\Application\Api\Controller\IndexController.class.php 第 86 行.
NOTIC: [8] Trying to get property of non-object D:\phpStudy\WWW\php49\Application\Api\Controller\IndexController.class.php 第 86 行.
NOTIC: [8] Trying to get property of non-object D:\phpStudy\WWW\php49\Application\Api\Controller\IndexController.class.php 第 86 行.
NOTIC: [8] Trying to get property of non-object D:\phpStudy\WWW\php49\Application\Api\Controller\IndexController.class.php 第 86 行.
NOTIC: [8] Undefined variable: contentObj D:\phpStudy\WWW\php49\Application\Api\Controller\IndexController.class.php 第 87 行.
NOTIC: [8] Trying to get property of non-object D:\phpStudy\WWW\php49\Application\Api\Controller\IndexController.class.php 第 87 行.
NOTIC: [8] Trying to get property of non-object D:\phpStudy\WWW\php49\Application\Api\Controller\IndexController.class.php 第 87 行.
NOTIC: [8] Trying to get property of non-object D:\phpStudy\WWW\php49\Application\Api\Controller\IndexController.class.php 第 87 行.
INFO: [ app_end ] --START--
INFO: Run Behavior\ShowPageTraceBehavior [ RunTime:0.002000s ]
INFO: [ app_end ] --END-- [ RunTime:0.002000s ]

[ 2016-08-30T19:49:52+08:00 ] 127.0.0.1 /api/index/weather
INFO: [ app_init ] --START--
INFO: Run Behavior\BuildLiteBehavior [ RunTime:0.000000s ]
INFO: [ app_init ] --END-- [ RunTime:0.000000s ]
INFO: [ app_begin ] --START--
INFO: Run Behavior\ReadHtmlCacheBehavior [ RunTime:0.000000s ]
INFO: [ app_begin ] --END-- [ RunTime:0.000000s ]
NOTIC: [8] Undefined variable: content D:\phpStudy\WWW\php49\Application\Api\Controller\IndexController.class.php 第 79 行.
NOTIC: [8] Undefined variable: contentObj D:\phpStudy\WWW\php49\Application\Api\Controller\IndexController.class.php 第 81 行.
NOTIC: [8] Trying to get property of non-object D:\phpStudy\WWW\php49\Application\Api\Controller\IndexController.class.php 第 81 行.
NOTIC: [8] Undefined variable: contentObj D:\phpStudy\WWW\php49\Application\Api\Controller\IndexController.class.php 第 82 行.
NOTIC: [8] Trying to get property of non-object D:\phpStudy\WWW\php49\Application\Api\Controller\IndexController.class.php 第 82 行.
NOTIC: [8] Trying to get property of non-object D:\phpStudy\WWW\php49\Application\Api\Controller\IndexController.class.php 第 82 行.
NOTIC: [8] Trying to get property of non-object D:\phpStudy\WWW\php49\Application\Api\Controller\IndexController.class.php 第 82 行.
NOTIC: [8] Undefined variable: contentObj D:\phpStudy\WWW\php49\Application\Api\Controller\IndexController.class.php 第 83 行.
NOTIC: [8] Trying to get property of non-object D:\phpStudy\WWW\php49\Application\Api\Controller\IndexController.class.php 第 83 行.
NOTIC: [8] Trying to get property of non-object D:\phpStudy\WWW\php49\Application\Api\Controller\IndexController.class.php 第 83 行.
NOTIC: [8] Trying to get property of non-object D:\phpStudy\WWW\php49\Application\Api\Controller\IndexController.class.php 第 83 行.
NOTIC: [8] Undefined variable: contentObj D:\phpStudy\WWW\php49\Application\Api\Controller\IndexController.class.php 第 84 行.
NOTIC: [8] Trying to get property of non-object D:\phpStudy\WWW\php49\Application\Api\Controller\IndexController.class.php 第 84 行.
NOTIC: [8] Trying to get property of non-object D:\phpStudy\WWW\php49\Application\Api\Controller\IndexController.class.php 第 84 行.
NOTIC: [8] Trying to get property of non-object D:\phpStudy\WWW\php49\Application\Api\Controller\IndexController.class.php 第 84 行.
NOTIC: [8] Undefined variable: contentObj D:\phpStudy\WWW\php49\Application\Api\Controller\IndexController.class.php 第 85 行.
NOTIC: [8] Trying to get property of non-object D:\phpStudy\WWW\php49\Application\Api\Controller\IndexController.class.php 第 85 行.
NOTIC: [8] Trying to get property of non-object D:\phpStudy\WWW\php49\Application\Api\Controller\IndexController.class.php 第 85 行.
NOTIC: [8] Trying to get property of non-object D:\phpStudy\WWW\php49\Application\Api\Controller\IndexController.class.php 第 85 行.
NOTIC: [8] Undefined variable: contentObj D:\phpStudy\WWW\php49\Application\Api\Controller\IndexController.class.php 第 86 行.
NOTIC: [8] Trying to get property of non-object D:\phpStudy\WWW\php49\Application\Api\Controller\IndexController.class.php 第 86 行.
NOTIC: [8] Trying to get property of non-object D:\phpStudy\WWW\php49\Application\Api\Controller\IndexController.class.php 第 86 行.
NOTIC: [8] Trying to get property of non-object D:\phpStudy\WWW\php49\Application\Api\Controller\IndexController.class.php 第 86 行.
NOTIC: [8] Undefined variable: contentObj D:\phpStudy\WWW\php49\Application\Api\Controller\IndexController.class.php 第 87 行.
NOTIC: [8] Trying to get property of non-object D:\phpStudy\WWW\php49\Application\Api\Controller\IndexController.class.php 第 87 行.
NOTIC: [8] Trying to get property of non-object D:\phpStudy\WWW\php49\Application\Api\Controller\IndexController.class.php 第 87 行.
NOTIC: [8] Trying to get property of non-object D:\phpStudy\WWW\php49\Application\Api\Controller\IndexController.class.php 第 87 行.
INFO: [ app_end ] --START--
INFO: Run Behavior\ShowPageTraceBehavior [ RunTime:0.001000s ]
INFO: [ app_end ] --END-- [ RunTime:0.001000s ]

[ 2016-08-30T19:50:12+08:00 ] 127.0.0.1 /api/index/weather
INFO: [ app_init ] --START--
INFO: Run Behavior\BuildLiteBehavior [ RunTime:0.000000s ]
INFO: [ app_init ] --END-- [ RunTime:0.001000s ]
INFO: [ app_begin ] --START--
INFO: Run Behavior\ReadHtmlCacheBehavior [ RunTime:0.000000s ]
INFO: [ app_begin ] --END-- [ RunTime:0.000000s ]
NOTIC: [8] Undefined variable: content D:\phpStudy\WWW\php49\Application\Api\Controller\IndexController.class.php 第 79 行.
NOTIC: [8] Undefined variable: contentObj D:\phpStudy\WWW\php49\Application\Api\Controller\IndexController.class.php 第 81 行.
NOTIC: [8] Trying to get property of non-object D:\phpStudy\WWW\php49\Application\Api\Controller\IndexController.class.php 第 81 行.
NOTIC: [8] Undefined variable: contentObj D:\phpStudy\WWW\php49\Application\Api\Controller\IndexController.class.php 第 82 行.
NOTIC: [8] Trying to get property of non-object D:\phpStudy\WWW\php49\Application\Api\Controller\IndexController.class.php 第 82 行.
NOTIC: [8] Trying to get property of non-object D:\phpStudy\WWW\php49\Application\Api\Controller\IndexController.class.php 第 82 行.
NOTIC: [8] Trying to get property of non-object D:\phpStudy\WWW\php49\Application\Api\Controller\IndexController.class.php 第 82 行.
NOTIC: [8] Undefined variable: contentObj D:\phpStudy\WWW\php49\Application\Api\Controller\IndexController.class.php 第 83 行.
NOTIC: [8] Trying to get property of non-object D:\phpStudy\WWW\php49\Application\Api\Controller\IndexController.class.php 第 83 行.
NOTIC: [8] Trying to get property of non-object D:\phpStudy\WWW\php49\Application\Api\Controller\IndexController.class.php 第 83 行.
NOTIC: [8] Trying to get property of non-object D:\phpStudy\WWW\php49\Application\Api\Controller\IndexController.class.php 第 83 行.
NOTIC: [8] Undefined variable: contentObj D:\phpStudy\WWW\php49\Application\Api\Controller\IndexController.class.php 第 84 行.
NOTIC: [8] Trying to get property of non-object D:\phpStudy\WWW\php49\Application\Api\Controller\IndexController.class.php 第 84 行.
NOTIC: [8] Trying to get property of non-object D:\phpStudy\WWW\php49\Application\Api\Controller\IndexController.class.php 第 84 行.
NOTIC: [8] Trying to get property of non-object D:\phpStudy\WWW\php49\Application\Api\Controller\IndexController.class.php 第 84 行.
NOTIC: [8] Undefined variable: contentObj D:\phpStudy\WWW\php49\Application\Api\Controller\IndexController.class.php 第 85 行.
NOTIC: [8] Trying to get property of non-object D:\phpStudy\WWW\php49\Application\Api\Controller\IndexController.class.php 第 85 行.
NOTIC: [8] Trying to get property of non-object D:\phpStudy\WWW\php49\Application\Api\Controller\IndexController.class.php 第 85 行.
NOTIC: [8] Trying to get property of non-object D:\phpStudy\WWW\php49\Application\Api\Controller\IndexController.class.php 第 85 行.
NOTIC: [8] Undefined variable: contentObj D:\phpStudy\WWW\php49\Application\Api\Controller\IndexController.class.php 第 86 行.
NOTIC: [8] Trying to get property of non-object D:\phpStudy\WWW\php49\Application\Api\Controller\IndexController.class.php 第 86 行.
NOTIC: [8] Trying to get property of non-object D:\phpStudy\WWW\php49\Application\Api\Controller\IndexController.class.php 第 86 行.
NOTIC: [8] Trying to get property of non-object D:\phpStudy\WWW\php49\Application\Api\Controller\IndexController.class.php 第 86 行.
NOTIC: [8] Undefined variable: contentObj D:\phpStudy\WWW\php49\Application\Api\Controller\IndexController.class.php 第 87 行.
NOTIC: [8] Trying to get property of non-object D:\phpStudy\WWW\php49\Application\Api\Controller\IndexController.class.php 第 87 行.
NOTIC: [8] Trying to get property of non-object D:\phpStudy\WWW\php49\Application\Api\Controller\IndexController.class.php 第 87 行.
NOTIC: [8] Trying to get property of non-object D:\phpStudy\WWW\php49\Application\Api\Controller\IndexController.class.php 第 87 行.
INFO: [ app_end ] --START--
INFO: Run Behavior\ShowPageTraceBehavior [ RunTime:0.001000s ]
INFO: [ app_end ] --END-- [ RunTime:0.001000s ]

[ 2016-08-30T19:51:01+08:00 ] 127.0.0.1 /api/index/weather
INFO: [ app_init ] --START--
INFO: Run Behavior\BuildLiteBehavior [ RunTime:0.000000s ]
INFO: [ app_init ] --END-- [ RunTime:0.001001s ]
INFO: [ app_begin ] --START--
INFO: Run Behavior\ReadHtmlCacheBehavior [ RunTime:0.001000s ]
INFO: [ app_begin ] --END-- [ RunTime:0.001000s ]
NOTIC: [8] Undefined variable: content D:\phpStudy\WWW\php49\Application\Api\Controller\IndexController.class.php 第 79 行.
NOTIC: [8] Trying to get property of non-object D:\phpStudy\WWW\php49\Application\Api\Controller\IndexController.class.php 第 81 行.
NOTIC: [8] Trying to get property of non-object D:\phpStudy\WWW\php49\Application\Api\Controller\IndexController.class.php 第 82 行.
NOTIC: [8] Trying to get property of non-object D:\phpStudy\WWW\php49\Application\Api\Controller\IndexController.class.php 第 82 行.
NOTIC: [8] Trying to get property of non-object D:\phpStudy\WWW\php49\Application\Api\Controller\IndexController.class.php 第 82 行.
NOTIC: [8] Trying to get property of non-object D:\phpStudy\WWW\php49\Application\Api\Controller\IndexController.class.php 第 83 行.
NOTIC: [8] Trying to get property of non-object D:\phpStudy\WWW\php49\Application\Api\Controller\IndexController.class.php 第 83 行.
NOTIC: [8] Trying to get property of non-object D:\phpStudy\WWW\php49\Application\Api\Controller\IndexController.class.php 第 83 行.
NOTIC: [8] Trying to get property of non-object D:\phpStudy\WWW\php49\Application\Api\Controller\IndexController.class.php 第 84 行.
NOTIC: [8] Trying to get property of non-object D:\phpStudy\WWW\php49\Application\Api\Controller\IndexController.class.php 第 84 行.
NOTIC: [8] Trying to get property of non-object D:\phpStudy\WWW\php49\Application\Api\Controller\IndexController.class.php 第 84 行.
NOTIC: [8] Trying to get property of non-object D:\phpStudy\WWW\php49\Application\Api\Controller\IndexController.class.php 第 85 行.
NOTIC: [8] Trying to get property of non-object D:\phpStudy\WWW\php49\Application\Api\Controller\IndexController.class.php 第 85 行.
NOTIC: [8] Trying to get property of non-object D:\phpStudy\WWW\php49\Application\Api\Controller\IndexController.class.php 第 85 行.
NOTIC: [8] Trying to get property of non-object D:\phpStudy\WWW\php49\Application\Api\Controller\IndexController.class.php 第 86 行.
NOTIC: [8] Trying to get property of non-object D:\phpStudy\WWW\php49\Application\Api\Controller\IndexController.class.php 第 86 行.
NOTIC: [8] Trying to get property of non-object D:\phpStudy\WWW\php49\Application\Api\Controller\IndexController.class.php 第 86 行.
NOTIC: [8] Trying to get property of non-object D:\phpStudy\WWW\php49\Application\Api\Controller\IndexController.class.php 第 87 行.
NOTIC: [8] Trying to get property of non-object D:\phpStudy\WWW\php49\Application\Api\Controller\IndexController.class.php 第 87 行.
NOTIC: [8] Trying to get property of non-object D:\phpStudy\WWW\php49\Application\Api\Controller\IndexController.class.php 第 87 行.
INFO: [ app_end ] --START--
INFO: Run Behavior\ShowPageTraceBehavior [ RunTime:0.002000s ]
INFO: [ app_end ] --END-- [ RunTime:0.002000s ]

[ 2016-08-30T19:51:06+08:00 ] 127.0.0.1 /api/index/weather
INFO: [ app_init ] --START--
INFO: Run Behavior\BuildLiteBehavior [ RunTime:0.000000s ]
INFO: [ app_init ] --END-- [ RunTime:0.000000s ]
INFO: [ app_begin ] --START--
INFO: Run Behavior\ReadHtmlCacheBehavior [ RunTime:0.001000s ]
INFO: [ app_begin ] --END-- [ RunTime:0.001000s ]
NOTIC: [8] Undefined variable: content D:\phpStudy\WWW\php49\Application\Api\Controller\IndexController.class.php 第 79 行.
NOTIC: [8] Trying to get property of non-object D:\phpStudy\WWW\php49\Application\Api\Controller\IndexController.class.php 第 81 行.
NOTIC: [8] Trying to get property of non-object D:\phpStudy\WWW\php49\Application\Api\Controller\IndexController.class.php 第 82 行.
NOTIC: [8] Trying to get property of non-object D:\phpStudy\WWW\php49\Application\Api\Controller\IndexController.class.php 第 82 行.
NOTIC: [8] Trying to get property of non-object D:\phpStudy\WWW\php49\Application\Api\Controller\IndexController.class.php 第 82 行.
NOTIC: [8] Trying to get property of non-object D:\phpStudy\WWW\php49\Application\Api\Controller\IndexController.class.php 第 83 行.
NOTIC: [8] Trying to get property of non-object D:\phpStudy\WWW\php49\Application\Api\Controller\IndexController.class.php 第 83 行.
NOTIC: [8] Trying to get property of non-object D:\phpStudy\WWW\php49\Application\Api\Controller\IndexController.class.php 第 83 行.
NOTIC: [8] Trying to get property of non-object D:\phpStudy\WWW\php49\Application\Api\Controller\IndexController.class.php 第 84 行.
NOTIC: [8] Trying to get property of non-object D:\phpStudy\WWW\php49\Application\Api\Controller\IndexController.class.php 第 84 行.
NOTIC: [8] Trying to get property of non-object D:\phpStudy\WWW\php49\Application\Api\Controller\IndexController.class.php 第 84 行.
NOTIC: [8] Trying to get property of non-object D:\phpStudy\WWW\php49\Application\Api\Controller\IndexController.class.php 第 85 行.
NOTIC: [8] Trying to get property of non-object D:\phpStudy\WWW\php49\Application\Api\Controller\IndexController.class.php 第 85 行.
NOTIC: [8] Trying to get property of non-object D:\phpStudy\WWW\php49\Application\Api\Controller\IndexController.class.php 第 85 行.
NOTIC: [8] Trying to get property of non-object D:\phpStudy\WWW\php49\Application\Api\Controller\IndexController.class.php 第 86 行.
NOTIC: [8] Trying to get property of non-object D:\phpStudy\WWW\php49\Application\Api\Controller\IndexController.class.php 第 86 行.
NOTIC: [8] Trying to get property of non-object D:\phpStudy\WWW\php49\Application\Api\Controller\IndexController.class.php 第 86 行.
NOTIC: [8] Trying to get property of non-object D:\phpStudy\WWW\php49\Application\Api\Controller\IndexController.class.php 第 87 行.
NOTIC: [8] Trying to get property of non-object D:\phpStudy\WWW\php49\Application\Api\Controller\IndexController.class.php 第 87 行.
NOTIC: [8] Trying to get property of non-object D:\phpStudy\WWW\php49\Application\Api\Controller\IndexController.class.php 第 87 行.
INFO: [ app_end ] --START--
INFO: Run Behavior\ShowPageTraceBehavior [ RunTime:0.001000s ]
INFO: [ app_end ] --END-- [ RunTime:0.001000s ]

[ 2016-08-30T19:51:33+08:00 ] 127.0.0.1 /api/index/weather/city/%E5%8C%97%E4%BA%AC
INFO: [ app_init ] --START--
INFO: Run Behavior\BuildLiteBehavior [ RunTime:0.000000s ]
INFO: [ app_init ] --END-- [ RunTime:0.000000s ]
INFO: [ app_begin ] --START--
INFO: Run Behavior\ReadHtmlCacheBehavior [ RunTime:0.001000s ]
INFO: [ app_begin ] --END-- [ RunTime:0.001000s ]
NOTIC: [8] Undefined variable: content D:\phpStudy\WWW\php49\Application\Api\Controller\IndexController.class.php 第 79 行.
NOTIC: [8] Trying to get property of non-object D:\phpStudy\WWW\php49\Application\Api\Controller\IndexController.class.php 第 81 行.
NOTIC: [8] Trying to get property of non-object D:\phpStudy\WWW\php49\Application\Api\Controller\IndexController.class.php 第 82 行.
NOTIC: [8] Trying to get property of non-object D:\phpStudy\WWW\php49\Application\Api\Controller\IndexController.class.php 第 82 行.
NOTIC: [8] Trying to get property of non-object D:\phpStudy\WWW\php49\Application\Api\Controller\IndexController.class.php 第 82 行.
NOTIC: [8] Trying to get property of non-object D:\phpStudy\WWW\php49\Application\Api\Controller\IndexController.class.php 第 83 行.
NOTIC: [8] Trying to get property of non-object D:\phpStudy\WWW\php49\Application\Api\Controller\IndexController.class.php 第 83 行.
NOTIC: [8] Trying to get property of non-object D:\phpStudy\WWW\php49\Application\Api\Controller\IndexController.class.php 第 83 行.
NOTIC: [8] Trying to get property of non-object D:\phpStudy\WWW\php49\Application\Api\Controller\IndexController.class.php 第 84 行.
NOTIC: [8] Trying to get property of non-object D:\phpStudy\WWW\php49\Application\Api\Controller\IndexController.class.php 第 84 行.
NOTIC: [8] Trying to get property of non-object D:\phpStudy\WWW\php49\Application\Api\Controller\IndexController.class.php 第 84 行.
NOTIC: [8] Trying to get property of non-object D:\phpStudy\WWW\php49\Application\Api\Controller\IndexController.class.php 第 85 行.
NOTIC: [8] Trying to get property of non-object D:\phpStudy\WWW\php49\Application\Api\Controller\IndexController.class.php 第 85 行.
NOTIC: [8] Trying to get property of non-object D:\phpStudy\WWW\php49\Application\Api\Controller\IndexController.class.php 第 85 行.
NOTIC: [8] Trying to get property of non-object D:\phpStudy\WWW\php49\Application\Api\Controller\IndexController.class.php 第 86 行.
NOTIC: [8] Trying to get property of non-object D:\phpStudy\WWW\php49\Application\Api\Controller\IndexController.class.php 第 86 行.
NOTIC: [8] Trying to get property of non-object D:\phpStudy\WWW\php49\Application\Api\Controller\IndexController.class.php 第 86 行.
NOTIC: [8] Trying to get property of non-object D:\phpStudy\WWW\php49\Application\Api\Controller\IndexController.class.php 第 87 行.
NOTIC: [8] Trying to get property of non-object D:\phpStudy\WWW\php49\Application\Api\Controller\IndexController.class.php 第 87 行.
NOTIC: [8] Trying to get property of non-object D:\phpStudy\WWW\php49\Application\Api\Controller\IndexController.class.php 第 87 行.
INFO: [ app_end ] --START--
INFO: Run Behavior\ShowPageTraceBehavior [ RunTime:0.001000s ]
INFO: [ app_end ] --END-- [ RunTime:0.002000s ]

[ 2016-08-30T19:51:38+08:00 ] 127.0.0.1 /api/index/weather/city/%E5%8C%97%E4%BA%AC
INFO: [ app_init ] --START--
INFO: Run Behavior\BuildLiteBehavior [ RunTime:0.000000s ]
INFO: [ app_init ] --END-- [ RunTime:0.000000s ]
INFO: [ app_begin ] --START--
INFO: Run Behavior\ReadHtmlCacheBehavior [ RunTime:0.000000s ]
INFO: [ app_begin ] --END-- [ RunTime:0.000000s ]
NOTIC: [8] Undefined variable: content D:\phpStudy\WWW\php49\Application\Api\Controller\IndexController.class.php 第 79 行.
NOTIC: [8] Trying to get property of non-object D:\phpStudy\WWW\php49\Application\Api\Controller\IndexController.class.php 第 81 行.
NOTIC: [8] Trying to get property of non-object D:\phpStudy\WWW\php49\Application\Api\Controller\IndexController.class.php 第 82 行.
NOTIC: [8] Trying to get property of non-object D:\phpStudy\WWW\php49\Application\Api\Controller\IndexController.class.php 第 82 行.
NOTIC: [8] Trying to get property of non-object D:\phpStudy\WWW\php49\Application\Api\Controller\IndexController.class.php 第 82 行.
NOTIC: [8] Trying to get property of non-object D:\phpStudy\WWW\php49\Application\Api\Controller\IndexController.class.php 第 83 行.
NOTIC: [8] Trying to get property of non-object D:\phpStudy\WWW\php49\Application\Api\Controller\IndexController.class.php 第 83 行.
NOTIC: [8] Trying to get property of non-object D:\phpStudy\WWW\php49\Application\Api\Controller\IndexController.class.php 第 83 行.
NOTIC: [8] Trying to get property of non-object D:\phpStudy\WWW\php49\Application\Api\Controller\IndexController.class.php 第 84 行.
NOTIC: [8] Trying to get property of non-object D:\phpStudy\WWW\php49\Application\Api\Controller\IndexController.class.php 第 84 行.
NOTIC: [8] Trying to get property of non-object D:\phpStudy\WWW\php49\Application\Api\Controller\IndexController.class.php 第 84 行.
NOTIC: [8] Trying to get property of non-object D:\phpStudy\WWW\php49\Application\Api\Controller\IndexController.class.php 第 85 行.
NOTIC: [8] Trying to get property of non-object D:\phpStudy\WWW\php49\Application\Api\Controller\IndexController.class.php 第 85 行.
NOTIC: [8] Trying to get property of non-object D:\phpStudy\WWW\php49\Application\Api\Controller\IndexController.class.php 第 85 行.
NOTIC: [8] Trying to get property of non-object D:\phpStudy\WWW\php49\Application\Api\Controller\IndexController.class.php 第 86 行.
NOTIC: [8] Trying to get property of non-object D:\phpStudy\WWW\php49\Application\Api\Controller\IndexController.class.php 第 86 行.
NOTIC: [8] Trying to get property of non-object D:\phpStudy\WWW\php49\Application\Api\Controller\IndexController.class.php 第 86 行.
NOTIC: [8] Trying to get property of non-object D:\phpStudy\WWW\php49\Application\Api\Controller\IndexController.class.php 第 87 行.
NOTIC: [8] Trying to get property of non-object D:\phpStudy\WWW\php49\Application\Api\Controller\IndexController.class.php 第 87 行.
NOTIC: [8] Trying to get property of non-object D:\phpStudy\WWW\php49\Application\Api\Controller\IndexController.class.php 第 87 行.
INFO: [ app_end ] --START--
INFO: Run Behavior\ShowPageTraceBehavior [ RunTime:0.001000s ]
INFO: [ app_end ] --END-- [ RunTime:0.001000s ]

[ 2016-08-30T19:53:19+08:00 ] 127.0.0.1 /api/index/weather/city/%E5%8C%97%E4%BA%AC
INFO: [ app_init ] --START--
INFO: Run Behavior\BuildLiteBehavior [ RunTime:0.000000s ]
INFO: [ app_init ] --END-- [ RunTime:0.000000s ]
INFO: [ app_begin ] --START--
INFO: Run Behavior\ReadHtmlCacheBehavior [ RunTime:0.001000s ]
INFO: [ app_begin ] --END-- [ RunTime:0.001000s ]
NOTIC: [8] Undefined variable: content D:\phpStudy\WWW\php49\Application\Api\Controller\IndexController.class.php 第 79 行.
NOTIC: [8] Trying to get property of non-object D:\phpStudy\WWW\php49\Application\Api\Controller\IndexController.class.php 第 81 行.
NOTIC: [8] Trying to get property of non-object D:\phpStudy\WWW\php49\Application\Api\Controller\IndexController.class.php 第 82 行.
NOTIC: [8] Trying to get property of non-object D:\phpStudy\WWW\php49\Application\Api\Controller\IndexController.class.php 第 82 行.
NOTIC: [8] Trying to get property of non-object D:\phpStudy\WWW\php49\Application\Api\Controller\IndexController.class.php 第 82 行.
NOTIC: [8] Trying to get property of non-object D:\phpStudy\WWW\php49\Application\Api\Controller\IndexController.class.php 第 83 行.
NOTIC: [8] Trying to get property of non-object D:\phpStudy\WWW\php49\Application\Api\Controller\IndexController.class.php 第 83 行.
NOTIC: [8] Trying to get property of non-object D:\phpStudy\WWW\php49\Application\Api\Controller\IndexController.class.php 第 83 行.
NOTIC: [8] Trying to get property of non-object D:\phpStudy\WWW\php49\Application\Api\Controller\IndexController.class.php 第 84 行.
NOTIC: [8] Trying to get property of non-object D:\phpStudy\WWW\php49\Application\Api\Controller\IndexController.class.php 第 84 行.
NOTIC: [8] Trying to get property of non-object D:\phpStudy\WWW\php49\Application\Api\Controller\IndexController.class.php 第 84 行.
NOTIC: [8] Trying to get property of non-object D:\phpStudy\WWW\php49\Application\Api\Controller\IndexController.class.php 第 85 行.
NOTIC: [8] Trying to get property of non-object D:\phpStudy\WWW\php49\Application\Api\Controller\IndexController.class.php 第 85 行.
NOTIC: [8] Trying to get property of non-object D:\phpStudy\WWW\php49\Application\Api\Controller\IndexController.class.php 第 85 行.
NOTIC: [8] Trying to get property of non-object D:\phpStudy\WWW\php49\Application\Api\Controller\IndexController.class.php 第 86 行.
NOTIC: [8] Trying to get property of non-object D:\phpStudy\WWW\php49\Application\Api\Controller\IndexController.class.php 第 86 行.
NOTIC: [8] Trying to get property of non-object D:\phpStudy\WWW\php49\Application\Api\Controller\IndexController.class.php 第 86 行.
NOTIC: [8] Trying to get property of non-object D:\phpStudy\WWW\php49\Application\Api\Controller\IndexController.class.php 第 87 行.
NOTIC: [8] Trying to get property of non-object D:\phpStudy\WWW\php49\Application\Api\Controller\IndexController.class.php 第 87 行.
NOTIC: [8] Trying to get property of non-object D:\phpStudy\WWW\php49\Application\Api\Controller\IndexController.class.php 第 87 行.
INFO: [ app_end ] --START--
INFO: Run Behavior\ShowPageTraceBehavior [ RunTime:0.001000s ]
INFO: [ app_end ] --END-- [ RunTime:0.002000s ]

[ 2016-08-30T19:54:40+08:00 ] 127.0.0.1 /api/index/weather/city/%E5%8C%97%E4%BA%AC
INFO: [ app_init ] --START--
INFO: Run Behavior\BuildLiteBehavior [ RunTime:0.000000s ]
INFO: [ app_init ] --END-- [ RunTime:0.001000s ]
INFO: [ app_begin ] --START--
INFO: Run Behavior\ReadHtmlCacheBehavior [ RunTime:0.000000s ]
INFO: [ app_begin ] --END-- [ RunTime:0.000000s ]
NOTIC: [8] Undefined variable: content D:\phpStudy\WWW\php49\Application\Api\Controller\IndexController.class.php 第 79 行.

[ 2016-08-30T19:55:23+08:00 ] 127.0.0.1 /api/index/weather/city/%E5%8C%97%E4%BA%AC
INFO: [ app_init ] --START--
INFO: Run Behavior\BuildLiteBehavior [ RunTime:0.000000s ]
INFO: [ app_init ] --END-- [ RunTime:0.000000s ]
INFO: [ app_begin ] --START--
INFO: Run Behavior\ReadHtmlCacheBehavior [ RunTime:0.001000s ]
INFO: [ app_begin ] --END-- [ RunTime:0.001000s ]
NOTIC: [8] Undefined variable: content D:\phpStudy\WWW\php49\Application\Api\Controller\IndexController.class.php 第 78 行.

[ 2016-08-30T19:55:47+08:00 ] 127.0.0.1 /api/index/weather/city/%E5%8C%97%E4%BA%AC
INFO: [ app_init ] --START--
INFO: Run Behavior\BuildLiteBehavior [ RunTime:0.001000s ]
INFO: [ app_init ] --END-- [ RunTime:0.001000s ]
INFO: [ app_begin ] --START--
INFO: Run Behavior\ReadHtmlCacheBehavior [ RunTime:0.001000s ]
INFO: [ app_begin ] --END-- [ RunTime:0.001000s ]
NOTIC: [8] Undefined variable: content D:\phpStudy\WWW\php49\Application\Api\Controller\IndexController.class.php 第 74 行.

[ 2016-08-30T19:55:51+08:00 ] 127.0.0.1 /api/index/weather/city/%E5%8C%97%E4%BA%AC
INFO: [ app_init ] --START--
INFO: Run Behavior\BuildLiteBehavior [ RunTime:0.000000s ]
INFO: [ app_init ] --END-- [ RunTime:0.000000s ]
INFO: [ app_begin ] --START--
INFO: Run Behavior\ReadHtmlCacheBehavior [ RunTime:0.000000s ]
INFO: [ app_begin ] --END-- [ RunTime:0.001000s ]
NOTIC: [8] Undefined variable: content D:\phpStudy\WWW\php49\Application\Api\Controller\IndexController.class.php 第 74 行.

[ 2016-08-30T19:56:17+08:00 ] 127.0.0.1 /api/index/weather/city/%E5%8C%97%E4%BA%AC
INFO: [ app_init ] --START--
INFO: Run Behavior\BuildLiteBehavior [ RunTime:0.000000s ]
INFO: [ app_init ] --END-- [ RunTime:0.001000s ]
INFO: [ app_begin ] --START--
INFO: Run Behavior\ReadHtmlCacheBehavior [ RunTime:0.001000s ]
INFO: [ app_begin ] --END-- [ RunTime:0.001000s ]

[ 2016-08-30T19:57:24+08:00 ] 127.0.0.1 /api/index/weather/city/%E5%8C%97%E4%BA%AC
INFO: [ app_init ] --START--
INFO: Run Behavior\BuildLiteBehavior [ RunTime:0.000000s ]
INFO: [ app_init ] --END-- [ RunTime:0.000000s ]
INFO: [ app_begin ] --START--
INFO: Run Behavior\ReadHtmlCacheBehavior [ RunTime:0.000000s ]
INFO: [ app_begin ] --END-- [ RunTime:0.000000s ]

[ 2016-08-30T19:57:38+08:00 ] 127.0.0.1 /api/index/weather/city/%E5%8C%97%E4%BA%AC
INFO: [ app_init ] --START--
INFO: Run Behavior\BuildLiteBehavior [ RunTime:0.000000s ]
INFO: [ app_init ] --END-- [ RunTime:0.001000s ]
INFO: [ app_begin ] --START--
INFO: Run Behavior\ReadHtmlCacheBehavior [ RunTime:0.000000s ]
INFO: [ app_begin ] --END-- [ RunTime:0.001000s ]

[ 2016-08-30T19:59:45+08:00 ] 127.0.0.1 /api/index/weather/city/%E5%8C%97%E4%BA%AC
INFO: [ app_init ] --START--
INFO: Run Behavior\BuildLiteBehavior [ RunTime:0.000000s ]
INFO: [ app_init ] --END-- [ RunTime:0.000000s ]
INFO: [ app_begin ] --START--
INFO: Run Behavior\ReadHtmlCacheBehavior [ RunTime:0.001000s ]
INFO: [ app_begin ] --END-- [ RunTime:0.001000s ]

[ 2016-08-30T20:00:23+08:00 ] 127.0.0.1 /api/index/weather
INFO: [ app_init ] --START--
INFO: Run Behavior\BuildLiteBehavior [ RunTime:0.000000s ]
INFO: [ app_init ] --END-- [ RunTime:0.000000s ]
INFO: [ app_begin ] --START--
INFO: Run Behavior\ReadHtmlCacheBehavior [ RunTime:0.000000s ]
INFO: [ app_begin ] --END-- [ RunTime:0.000000s ]

[ 2016-08-30T20:01:17+08:00 ] 127.0.0.1 /api/index/weather/city/%E5%8C%97%E4%BA%AC
INFO: [ app_init ] --START--
INFO: Run Behavior\BuildLiteBehavior [ RunTime:0.000000s ]
INFO: [ app_init ] --END-- [ RunTime:0.000000s ]
INFO: [ app_begin ] --START--
INFO: Run Behavior\ReadHtmlCacheBehavior [ RunTime:0.000000s ]
INFO: [ app_begin ] --END-- [ RunTime:0.000000s ]
NOTIC: [8] Undefined variable: content D:\phpStudy\WWW\php49\Application\Api\Controller\IndexController.class.php 第 82 行.
NOTIC: [8] Trying to get property of non-object D:\phpStudy\WWW\php49\Application\Api\Controller\IndexController.class.php 第 85 行.
NOTIC: [8] Trying to get property of non-object D:\phpStudy\WWW\php49\Application\Api\Controller\IndexController.class.php 第 86 行.
NOTIC: [8] Trying to get property of non-object D:\phpStudy\WWW\php49\Application\Api\Controller\IndexController.class.php 第 86 行.
NOTIC: [8] Trying to get property of non-object D:\phpStudy\WWW\php49\Application\Api\Controller\IndexController.class.php 第 86 行.
NOTIC: [8] Trying to get property of non-object D:\phpStudy\WWW\php49\Application\Api\Controller\IndexController.class.php 第 87 行.
NOTIC: [8] Trying to get property of non-object D:\phpStudy\WWW\php49\Application\Api\Controller\IndexController.class.php 第 87 行.
NOTIC: [8] Trying to get property of non-object D:\phpStudy\WWW\php49\Application\Api\Controller\IndexController.class.php 第 87 行.
NOTIC: [8] Trying to get property of non-object D:\phpStudy\WWW\php49\Application\Api\Controller\IndexController.class.php 第 88 行.
NOTIC: [8] Trying to get property of non-object D:\phpStudy\WWW\php49\Application\Api\Controller\IndexController.class.php 第 88 行.
NOTIC: [8] Trying to get property of non-object D:\phpStudy\WWW\php49\Application\Api\Controller\IndexController.class.php 第 88 行.
NOTIC: [8] Trying to get property of non-object D:\phpStudy\WWW\php49\Application\Api\Controller\IndexController.class.php 第 89 行.
NOTIC: [8] Trying to get property of non-object D:\phpStudy\WWW\php49\Application\Api\Controller\IndexController.class.php 第 89 行.
NOTIC: [8] Trying to get property of non-object D:\phpStudy\WWW\php49\Application\Api\Controller\IndexController.class.php 第 89 行.
NOTIC: [8] Trying to get property of non-object D:\phpStudy\WWW\php49\Application\Api\Controller\IndexController.class.php 第 90 行.
NOTIC: [8] Trying to get property of non-object D:\phpStudy\WWW\php49\Application\Api\Controller\IndexController.class.php 第 90 行.
NOTIC: [8] Trying to get property of non-object D:\phpStudy\WWW\php49\Application\Api\Controller\IndexController.class.php 第 90 行.
NOTIC: [8] Trying to get property of non-object D:\phpStudy\WWW\php49\Application\Api\Controller\IndexController.class.php 第 91 行.
NOTIC: [8] Trying to get property of non-object D:\phpStudy\WWW\php49\Application\Api\Controller\IndexController.class.php 第 91 行.
NOTIC: [8] Trying to get property of non-object D:\phpStudy\WWW\php49\Application\Api\Controller\IndexController.class.php 第 91 行.
INFO: [ app_end ] --START--
INFO: Run Behavior\ShowPageTraceBehavior [ RunTime:0.001000s ]
INFO: [ app_end ] --END-- [ RunTime:0.001000s ]

[ 2016-08-30T20:01:26+08:00 ] 127.0.0.1 /api/index/weather/city/%E5%8C%97%E4%BA%AC
INFO: [ app_init ] --START--
INFO: Run Behavior\BuildLiteBehavior [ RunTime:0.000000s ]
INFO: [ app_init ] --END-- [ RunTime:0.000000s ]
INFO: [ app_begin ] --START--
INFO: Run Behavior\ReadHtmlCacheBehavior [ RunTime:0.000000s ]
INFO: [ app_begin ] --END-- [ RunTime:0.001000s ]
NOTIC: [8] Undefined variable: content D:\phpStudy\WWW\php49\Application\Api\Controller\IndexController.class.php 第 82 行.
NOTIC: [8] Trying to get property of non-object D:\phpStudy\WWW\php49\Application\Api\Controller\IndexController.class.php 第 85 行.
NOTIC: [8] Trying to get property of non-object D:\phpStudy\WWW\php49\Application\Api\Controller\IndexController.class.php 第 86 行.
NOTIC: [8] Trying to get property of non-object D:\phpStudy\WWW\php49\Application\Api\Controller\IndexController.class.php 第 86 行.
NOTIC: [8] Trying to get property of non-object D:\phpStudy\WWW\php49\Application\Api\Controller\IndexController.class.php 第 86 行.
NOTIC: [8] Trying to get property of non-object D:\phpStudy\WWW\php49\Application\Api\Controller\IndexController.class.php 第 87 行.
NOTIC: [8] Trying to get property of non-object D:\phpStudy\WWW\php49\Application\Api\Controller\IndexController.class.php 第 87 行.
NOTIC: [8] Trying to get property of non-object D:\phpStudy\WWW\php49\Application\Api\Controller\IndexController.class.php 第 87 行.
NOTIC: [8] Trying to get property of non-object D:\phpStudy\WWW\php49\Application\Api\Controller\IndexController.class.php 第 88 行.
NOTIC: [8] Trying to get property of non-object D:\phpStudy\WWW\php49\Application\Api\Controller\IndexController.class.php 第 88 行.
NOTIC: [8] Trying to get property of non-object D:\phpStudy\WWW\php49\Application\Api\Controller\IndexController.class.php 第 88 行.
NOTIC: [8] Trying to get property of non-object D:\phpStudy\WWW\php49\Application\Api\Controller\IndexController.class.php 第 89 行.
NOTIC: [8] Trying to get property of non-object D:\phpStudy\WWW\php49\Application\Api\Controller\IndexController.class.php 第 89 行.
NOTIC: [8] Trying to get property of non-object D:\phpStudy\WWW\php49\Application\Api\Controller\IndexController.class.php 第 89 行.
NOTIC: [8] Trying to get property of non-object D:\phpStudy\WWW\php49\Application\Api\Controller\IndexController.class.php 第 90 行.
NOTIC: [8] Trying to get property of non-object D:\phpStudy\WWW\php49\Application\Api\Controller\IndexController.class.php 第 90 行.
NOTIC: [8] Trying to get property of non-object D:\phpStudy\WWW\php49\Application\Api\Controller\IndexController.class.php 第 90 行.
NOTIC: [8] Trying to get property of non-object D:\phpStudy\WWW\php49\Application\Api\Controller\IndexController.class.php 第 91 行.
NOTIC: [8] Trying to get property of non-object D:\phpStudy\WWW\php49\Application\Api\Controller\IndexController.class.php 第 91 行.
NOTIC: [8] Trying to get property of non-object D:\phpStudy\WWW\php49\Application\Api\Controller\IndexController.class.php 第 91 行.
INFO: [ app_end ] --START--
INFO: Run Behavior\ShowPageTraceBehavior [ RunTime:0.002000s ]
INFO: [ app_end ] --END-- [ RunTime:0.003000s ]

[ 2016-08-30T20:06:08+08:00 ] 127.0.0.1 /api/index/weather
INFO: [ app_init ] --START--
INFO: Run Behavior\BuildLiteBehavior [ RunTime:0.000000s ]
INFO: [ app_init ] --END-- [ RunTime:0.000000s ]
INFO: [ app_begin ] --START--
INFO: Run Behavior\ReadHtmlCacheBehavior [ RunTime:0.001000s ]
INFO: [ app_begin ] --END-- [ RunTime:0.001000s ]

[ 2016-08-30T20:06:34+08:00 ] 127.0.0.1 /api/index/weather/city/%E5%8C%97%E4%BA%AC
INFO: [ app_init ] --START--
INFO: Run Behavior\BuildLiteBehavior [ RunTime:0.000000s ]
INFO: [ app_init ] --END-- [ RunTime:0.000000s ]
INFO: [ app_begin ] --START--
INFO: Run Behavior\ReadHtmlCacheBehavior [ RunTime:0.001000s ]
INFO: [ app_begin ] --END-- [ RunTime:0.001000s ]

[ 2016-08-30T20:06:41+08:00 ] 127.0.0.1 /api/index/weather/city/%E5%8C%97%E4%BA%AC
INFO: [ app_init ] --START--
INFO: Run Behavior\BuildLiteBehavior [ RunTime:0.000000s ]
INFO: [ app_init ] --END-- [ RunTime:0.000000s ]
INFO: [ app_begin ] --START--
INFO: Run Behavior\ReadHtmlCacheBehavior [ RunTime:0.001000s ]
INFO: [ app_begin ] --END-- [ RunTime:0.001000s ]

[ 2016-08-30T20:07:30+08:00 ] 127.0.0.1 /api/index/weather/city/%E5%8C%97%E4%BA%AC
INFO: [ app_init ] --START--
INFO: Run Behavior\BuildLiteBehavior [ RunTime:0.000000s ]
INFO: [ app_init ] --END-- [ RunTime:0.001000s ]
INFO: [ app_begin ] --START--
INFO: Run Behavior\ReadHtmlCacheBehavior [ RunTime:0.001000s ]
INFO: [ app_begin ] --END-- [ RunTime:0.001000s ]

[ 2016-08-30T20:07:51+08:00 ] 127.0.0.1 /api/index/weather/city/%E5%8C%97%E4%BA%AC
INFO: [ app_init ] --START--
INFO: Run Behavior\BuildLiteBehavior [ RunTime:0.000000s ]
INFO: [ app_init ] --END-- [ RunTime:0.000000s ]
INFO: [ app_begin ] --START--
INFO: Run Behavior\ReadHtmlCacheBehavior [ RunTime:0.001000s ]
INFO: [ app_begin ] --END-- [ RunTime:0.001000s ]

[ 2016-08-30T20:08:45+08:00 ] 127.0.0.1 /api/index/weather/city/%E5%8C%97%E4%BA%AC
INFO: [ app_init ] --START--
INFO: Run Behavior\BuildLiteBehavior [ RunTime:0.000000s ]
INFO: [ app_init ] --END-- [ RunTime:0.000000s ]
INFO: [ app_begin ] --START--
INFO: Run Behavior\ReadHtmlCacheBehavior [ RunTime:0.001000s ]
INFO: [ app_begin ] --END-- [ RunTime:0.001000s ]
NOTIC: [8] Undefined variable: content D:\phpStudy\WWW\php49\Application\Api\Controller\IndexController.class.php 第 82 行.

[ 2016-08-30T20:08:50+08:00 ] 127.0.0.1 /api/index/weather/city/%E5%8C%97%E4%BA%AC
INFO: [ app_init ] --START--
INFO: Run Behavior\BuildLiteBehavior [ RunTime:0.000000s ]
INFO: [ app_init ] --END-- [ RunTime:0.000000s ]
INFO: [ app_begin ] --START--
INFO: Run Behavior\ReadHtmlCacheBehavior [ RunTime:0.001000s ]
INFO: [ app_begin ] --END-- [ RunTime:0.001000s ]
NOTIC: [8] Undefined variable: content D:\phpStudy\WWW\php49\Application\Api\Controller\IndexController.class.php 第 82 行.

[ 2016-08-30T20:09:13+08:00 ] 127.0.0.1 /api/index/weather/city/%E5%8C%97%E4%BA%AC
INFO: [ app_init ] --START--
INFO: Run Behavior\BuildLiteBehavior [ RunTime:0.000000s ]
INFO: [ app_init ] --END-- [ RunTime:0.000000s ]
INFO: [ app_begin ] --START--
INFO: Run Behavior\ReadHtmlCacheBehavior [ RunTime:0.000000s ]
INFO: [ app_begin ] --END-- [ RunTime:0.000000s ]
INFO: [ app_end ] --START--
INFO: Run Behavior\ShowPageTraceBehavior [ RunTime:0.001000s ]
INFO: [ app_end ] --END-- [ RunTime:0.001000s ]

[ 2016-08-30T20:09:22+08:00 ] 127.0.0.1 /api/index/weather/city/%E5%8C%97%E4%BA%AC
INFO: [ app_init ] --START--
INFO: Run Behavior\BuildLiteBehavior [ RunTime:0.000000s ]
INFO: [ app_init ] --END-- [ RunTime:0.000000s ]
INFO: [ app_begin ] --START--
INFO: Run Behavior\ReadHtmlCacheBehavior [ RunTime:0.000000s ]
INFO: [ app_begin ] --END-- [ RunTime:0.000000s ]
INFO: [ app_end ] --START--
INFO: Run Behavior\ShowPageTraceBehavior [ RunTime:0.002000s ]
INFO: [ app_end ] --END-- [ RunTime:0.002000s ]

[ 2016-08-30T20:15:27+08:00 ] 127.0.0.1 /api/index/customer/phone/18233343454
INFO: [ app_init ] --START--
INFO: Run Behavior\BuildLiteBehavior [ RunTime:0.000000s ]
INFO: [ app_init ] --END-- [ RunTime:0.001000s ]
INFO: [ app_begin ] --START--
INFO: Run Behavior\ReadHtmlCacheBehavior [ RunTime:0.001000s ]
INFO: [ app_begin ] --END-- [ RunTime:0.001000s ]
INFO: [ app_end ] --START--
INFO: Run Behavior\ShowPageTraceBehavior [ RunTime:0.002000s ]
INFO: [ app_end ] --END-- [ RunTime:0.002000s ]

[ 2016-08-30T20:17:12+08:00 ] 127.0.0.1 /api/index/customer/phone/18233343454
INFO: [ app_init ] --START--
INFO: Run Behavior\BuildLiteBehavior [ RunTime:0.000000s ]
INFO: [ app_init ] --END-- [ RunTime:0.000000s ]
INFO: [ app_begin ] --START--
INFO: Run Behavior\ReadHtmlCacheBehavior [ RunTime:0.001000s ]
INFO: [ app_begin ] --END-- [ RunTime:0.001000s ]
INFO: [ app_end ] --START--
INFO: Run Behavior\ShowPageTraceBehavior [ RunTime:0.001000s ]
INFO: [ app_end ] --END-- [ RunTime:0.001000s ]

